  Scene.cpp
d:\enti\3r\tecnologiaprogramacio\gameproject\game\src\sdltutorial\enumerators.h(3): warning C4091: 'typedef ': ignored on left of 'GameState' when no variable is declared
d:\enti\3r\tecnologiaprogramacio\gameproject\game\src\sdltutorial\enumerators.h(6): warning C4091: 'typedef ': ignored on left of 'Difficulty' when no variable is declared
  RankingScene.cpp
d:\enti\3r\tecnologiaprogramacio\gameproject\game\src\sdltutorial\enumerators.h(3): warning C4091: 'typedef ': ignored on left of 'GameState' when no variable is declared
d:\enti\3r\tecnologiaprogramacio\gameproject\game\src\sdltutorial\enumerators.h(6): warning C4091: 'typedef ': ignored on left of 'Difficulty' when no variable is declared
d:\enti\3r\tecnologiaprogramacio\gameproject\game\src\sdltutorial\filemanager.h(379): warning C4244: 'initializing': conversion from 'double' to 'float', possible loss of data
d:\enti\3r\tecnologiaprogramacio\gameproject\game\src\sdltutorial\filemanager.h(383): warning C4244: 'return': conversion from 'float' to 'int', possible loss of data
  MenuScene.cpp
d:\enti\3r\tecnologiaprogramacio\gameproject\game\src\sdltutorial\enumerators.h(3): warning C4091: 'typedef ': ignored on left of 'GameState' when no variable is declared
d:\enti\3r\tecnologiaprogramacio\gameproject\game\src\sdltutorial\enumerators.h(6): warning C4091: 'typedef ': ignored on left of 'Difficulty' when no variable is declared
  Main.cpp
d:\enti\3r\tecnologiaprogramacio\gameproject\game\src\sdltutorial\enumerators.h(3): warning C4091: 'typedef ': ignored on left of 'GameState' when no variable is declared
d:\enti\3r\tecnologiaprogramacio\gameproject\game\src\sdltutorial\enumerators.h(6): warning C4091: 'typedef ': ignored on left of 'Difficulty' when no variable is declared
d:\enti\3r\tecnologiaprogramacio\gameproject\game\src\sdltutorial\filemanager.h(379): warning C4244: 'initializing': conversion from 'double' to 'float', possible loss of data
d:\enti\3r\tecnologiaprogramacio\gameproject\game\src\sdltutorial\filemanager.h(383): warning C4244: 'return': conversion from 'float' to 'int', possible loss of data
  GameScene.cpp
d:\enti\3r\tecnologiaprogramacio\gameproject\game\src\sdltutorial\enumerators.h(3): warning C4091: 'typedef ': ignored on left of 'GameState' when no variable is declared
d:\enti\3r\tecnologiaprogramacio\gameproject\game\src\sdltutorial\enumerators.h(6): warning C4091: 'typedef ': ignored on left of 'Difficulty' when no variable is declared
d:\enti\3r\tecnologiaprogramacio\gameproject\game\src\sdltutorial\filemanager.h(379): warning C4244: 'initializing': conversion from 'double' to 'float', possible loss of data
d:\enti\3r\tecnologiaprogramacio\gameproject\game\src\sdltutorial\filemanager.h(383): warning C4244: 'return': conversion from 'float' to 'int', possible loss of data
d:\enti\3r\tecnologiaprogramacio\gameproject\game\src\sdltutorial\gamescene.cpp(260): warning C4244: 'argument': conversion from 'time_t' to 'unsigned int', possible loss of data
d:\enti\3r\tecnologiaprogramacio\gameproject\game\src\sdltutorial\gamescene.cpp(279): warning C4800: 'int': forcing value to bool 'true' or 'false' (performance warning)
  GameOverScene.cpp
d:\enti\3r\tecnologiaprogramacio\gameproject\game\src\sdltutorial\enumerators.h(3): warning C4091: 'typedef ': ignored on left of 'GameState' when no variable is declared
d:\enti\3r\tecnologiaprogramacio\gameproject\game\src\sdltutorial\enumerators.h(6): warning C4091: 'typedef ': ignored on left of 'Difficulty' when no variable is declared
  GameManager.cpp
d:\enti\3r\tecnologiaprogramacio\gameproject\game\src\sdltutorial\enumerators.h(3): warning C4091: 'typedef ': ignored on left of 'GameState' when no variable is declared
d:\enti\3r\tecnologiaprogramacio\gameproject\game\src\sdltutorial\enumerators.h(6): warning C4091: 'typedef ': ignored on left of 'Difficulty' when no variable is declared
d:\enti\3r\tecnologiaprogramacio\gameproject\game\src\sdltutorial\filemanager.h(379): warning C4244: 'initializing': conversion from 'double' to 'float', possible loss of data
d:\enti\3r\tecnologiaprogramacio\gameproject\game\src\sdltutorial\filemanager.h(383): warning C4244: 'return': conversion from 'float' to 'int', possible loss of data
  DifficultyScene.cpp
d:\enti\3r\tecnologiaprogramacio\gameproject\game\src\sdltutorial\enumerators.h(3): warning C4091: 'typedef ': ignored on left of 'GameState' when no variable is declared
d:\enti\3r\tecnologiaprogramacio\gameproject\game\src\sdltutorial\enumerators.h(6): warning C4091: 'typedef ': ignored on left of 'Difficulty' when no variable is declared
  Generating Code...
  SDLTutorial.vcxproj -> D:\Enti\3r\TecnologiaProgramacio\GameProject\Game\\bin\Win32Debug\SDLTutorial.exe
  SDLTutorial.vcxproj -> D:\Enti\3r\TecnologiaProgramacio\GameProject\Game\\bin\Win32Debug\SDLTutorial.pdb (Full PDB)
  0 archivo(s) copiado(s)
